[2026-03-13T11:00:30.533Z] Email module initialized. API Key present: true 
[2026-03-13T11:00:30.548Z] From Address: mySmartLab <software@mysmartlab.com> 
[2026-03-13T11:00:42.590Z] Triggered: sendVerificationEmail to shsolanki141+last@gmail.com 
[2026-03-13T11:00:44.256Z] Resend response: {
  "data": null,
  "error": {
    "statusCode": 403,
    "message": "The mysmartlab.com domain is not verified. Please, add and verify your domain on https://resend.com/domains",
    "name": "validation_error"
  },
  "headers": {
    "cf-cache-status": "DYNAMIC",
    "cf-ray": "9dba895ced9f8489-BOM",
    "connection": "keep-alive",
    "content-encoding": "br",
    "content-type": "application/json",
    "date": "Fri, 13 Mar 2026 11:00:43 GMT",
    "ratelimit-limit": "2",
    "ratelimit-policy": "2;w=1",
    "ratelimit-remaining": "1",
    "ratelimit-reset": "1",
    "server": "cloudflare",
    "transfer-encoding": "chunked",
    "x-resend-daily-quota": "0",
    "x-resend-monthly-quota": "0"
  }
}
[2026-03-13T11:00:44.270Z] ERROR: Resend API returned an error: {
  "statusCode": 403,
  "message": "The mysmartlab.com domain is not verified. Please, add and verify your domain on https://resend.com/domains",
  "name": "validation_error"
}
[2026-03-14T05:09:55.462Z] Email module initialized. API Key present: false 
[2026-03-14T05:09:55.464Z] From Address: onboarding@resend.dev 
[2026-03-14T05:09:55.464Z] ERROR: Resend client NOT initialized! 
[2026-03-14T05:09:55.467Z] Triggered: sendVerificationEmail to test@example.com 
[2026-03-14T05:09:55.468Z] WARNING: RESEND_API_KEY is not configured. Email would have been sent: {
  "to": "test@example.com",
  "subject": "Verify your email address - ShikshaFinder",
  "html": "\n      <div style=\"font-family: sans-serif; max-width: 600px; margin: 0 auto; padding: 20px; border: 1px solid #e2e8f0; border-radius: 8px;\">\n        <h2 style=\"color: #1e293b; margin-bottom: 16px;\">Verify your account</h2>\n        <p style=\"color: #475569; font-size: 16px; line-height: 1.5;\">\n          Thank you for signing up for <strong>ShikshaFinder</strong>. Please click the button below to verify your email address and activate your account.\n        </p>\n        <div style=\"margin: 32px 0; text-align: center;\">\n          <a href=\"http://localhost:3000/verify-email?token=test-token-123\" style=\"background-color: #2563eb; color: white; padding: 12px 24px; text-decoration: none; border-radius: 6px; font-weight: 600; display: inline-block;\">Verify Email Address</a>\n        </div>\n        <p style=\"color: #64748b; font-size: 14px;\">\n          If the button above doesn't work, you can copy and paste this link into your browser:\n        </p>\n        <p style=\"color: #2563eb; font-size: 14px; word-break: break-all;\">\n          http://localhost:3000/verify-email?token=test-token-123\n        </p>\n        <hr style=\"border: 0; border-top: 1px solid #e2e8f0; margin: 32px 0;\" />\n        <p style=\"color: #94a3b8; font-size: 12px; text-align: center;\">\n          &copy; 2026 ShikshaFinder. All rights reserved.\n        </p>\n      </div>\n    "
}
[2026-03-14T05:58:24.086Z] Email module initialized. API Key present: true 
[2026-03-14T05:58:24.088Z] From Address: mySmartLab <software@mysmartlab.com> 
[2026-03-14T05:58:25.102Z] Triggered: sendVerificationEmail to shsoalnki141+141@gmail.com 
[2026-03-14T05:58:25.693Z] Resend response: {
  "data": null,
  "error": {
    "statusCode": 403,
    "message": "The mysmartlab.com domain is not verified. Please, add and verify your domain on https://resend.com/domains",
    "name": "validation_error"
  },
  "headers": {
    "cf-cache-status": "DYNAMIC",
    "cf-ray": "9dc10bec3dbeff6e-BOM",
    "connection": "keep-alive",
    "content-encoding": "br",
    "content-type": "application/json",
    "date": "Sat, 14 Mar 2026 05:58:26 GMT",
    "ratelimit-limit": "2",
    "ratelimit-policy": "2;w=1",
    "ratelimit-remaining": "1",
    "ratelimit-reset": "1",
    "server": "cloudflare",
    "transfer-encoding": "chunked",
    "x-resend-daily-quota": "0",
    "x-resend-monthly-quota": "0"
  }
}
[2026-03-14T05:58:25.694Z] ERROR: Resend API returned an error: {
  "statusCode": 403,
  "message": "The mysmartlab.com domain is not verified. Please, add and verify your domain on https://resend.com/domains",
  "name": "validation_error"
}
[2026-03-14T05:58:25.697Z] CRITICAL: The domain in 'EMAIL_FROM' is not verified in Resend. Dashboard: https://resend.com/domains 
[2026-03-14T05:58:25.698Z] Attempting fallback to onboarding@resend.dev... 
[2026-03-14T05:58:26.004Z] Fallback response: {
  "data": null,
  "error": {
    "statusCode": 403,
    "name": "validation_error",
    "message": "You can only send testing emails to your own email address (shsolanki141@gmail.com). To send emails to other recipients, please verify a domain at resend.com/domains, and change the `from` address to an email using this domain."
  },
  "headers": {
    "cf-cache-status": "DYNAMIC",
    "cf-ray": "9dc10bee6a3eff6e-BOM",
    "connection": "keep-alive",
    "content-encoding": "br",
    "content-type": "application/json",
    "date": "Sat, 14 Mar 2026 05:58:26 GMT",
    "ratelimit-limit": "2",
    "ratelimit-policy": "2;w=1",
    "ratelimit-remaining": "0",
    "ratelimit-reset": "1",
    "server": "cloudflare",
    "transfer-encoding": "chunked",
    "x-resend-daily-quota": "0",
    "x-resend-monthly-quota": "0"
  }
}
[2026-03-14T06:04:32.748Z] Email module initialized. API Key present: true 
[2026-03-14T06:04:32.830Z] Email module initialized. API Key present: true 
[2026-03-14T06:04:32.834Z] From Address: mySmartLab <software@mysmartlab.com> 
[2026-03-14T06:04:32.827Z] From Address: mySmartLab <software@mysmartlab.com> 
[2026-03-14T06:04:33.090Z] Email module initialized. API Key present: true 
[2026-03-14T06:04:33.093Z] From Address: mySmartLab <software@mysmartlab.com> 
[2026-03-14T09:38:06.413Z] Email module initialized. API Key present: true 
[2026-03-14T09:38:06.548Z] From Address: mySmartLab <software@mysmartlab.com> 
[2026-03-14T09:38:06.442Z] Email module initialized. API Key present: true 
[2026-03-14T09:38:06.552Z] From Address: mySmartLab <software@mysmartlab.com> 
[2026-03-14T09:38:06.964Z] Email module initialized. API Key present: true 
[2026-03-14T09:38:06.989Z] From Address: mySmartLab <software@mysmartlab.com> 
[2026-03-14T09:53:58.218Z] Email module initialized. API Key present: true 
[2026-03-14T09:53:58.223Z] From Address: mySmartLab <software@mysmartlab.com> 
[2026-03-14T09:53:58.456Z] Email module initialized. API Key present: true 
[2026-03-14T09:53:58.466Z] From Address: mySmartLab <software@mysmartlab.com> 
[2026-03-14T09:53:58.688Z] Email module initialized. API Key present: true 
[2026-03-14T09:53:58.690Z] From Address: mySmartLab <software@mysmartlab.com> 
[2026-03-14T10:00:52.061Z] Email module initialized. API Key present: true 
[2026-03-14T10:00:52.096Z] From Address: mySmartLab <software@mysmartlab.com> 
[2026-03-14T10:00:52.099Z] Email module initialized. API Key present: true 
[2026-03-14T10:00:52.102Z] From Address: mySmartLab <software@mysmartlab.com> 
[2026-03-14T10:00:52.163Z] Email module initialized. API Key present: true 
[2026-03-14T10:00:52.166Z] From Address: mySmartLab <software@mysmartlab.com> 
